#
# A fatal error has been detected by the Java Runtime Environment:
#
#  Internal Error (javaCalls.cpp:51), pid=36913, tid=0x0000000000002e03
#  guarantee(thread->is_Java_thread()) failed: crucial check - the VM thread cannot and must not escape to Java code
#
# JRE version: Java(TM) SE Runtime Environment (8.0_231-b11) (build 1.8.0_231-b11)
# Java VM: Java HotSpot(TM) 64-Bit Server VM (25.231-b11 mixed mode bsd-amd64 compressed oops)
# Failed to write core dump. Core dumps have been disabled. To enable core dumping, try "ulimit -c unlimited" before starting Java again
#
# If you would like to submit a bug report, please visit:
#   http://bugreport.java.com/bugreport/crash.jsp
#

---------------  T H R E A D  ---------------

Current thread (0x00007f8745004800):  VMThread [stack: 0x000070000f5b3000,0x000070000f6b3000] [id=11779]

Stack: [0x000070000f5b3000,0x000070000f6b3000],  sp=0x000070000f6b1af0,  free space=1018k
Native frames: (J=compiled Java code, j=interpreted, Vv=VM code, C=native code)
V  [libjvm.dylib+0x5b7618]
V  [libjvm.dylib+0x1e964d]
V  [libjvm.dylib+0x2efe34]
V  [libjvm.dylib+0x2f06ec]
V  [libjvm.dylib+0x2f0c1f]
V  [libjvm.dylib+0x2441ff]
V  [libjvm.dylib+0x2442fa]
V  [libjvm.dylib+0x244559]
V  [libjvm.dylib+0x244574]
V  [libjvm.dylib+0x288413]
V  [libjvm.dylib+0x28b732]
V  [libjvm.dylib+0x28b840]
V  [libjvm.dylib+0x28bc77]
V  [libjvm.dylib+0x485fe5]
V  [libjvm.dylib+0x4861ee]
V  [libjvm.dylib+0x4863cf]
V  [libjvm.dylib+0x486686]
V  [libjvm.dylib+0x2c35aa]
V  [libjvm.dylib+0x453cc5]
V  [libjvm.dylib+0x39baa7]
V  [libjvm.dylib+0x5bf2c5]
V  [libjvm.dylib+0x5bd85b]
V  [libjvm.dylib+0x5bdca8]
V  [libjvm.dylib+0x5bd5c7]
V  [libjvm.dylib+0x48f0fa]
C  [libsystem_pthread.dylib+0x32eb]  _pthread_body+0x7e
C  [libsystem_pthread.dylib+0x6249]  _pthread_start+0x42
C  [libsystem_pthread.dylib+0x240d]  thread_start+0xd

VM_Operation (0x000070000fabe978): GetOrSetLocal, mode: safepoint, requested by thread 0x00007f8744834000


---------------  P R O C E S S  ---------------

Java Threads: ( => current thread )
  0x00007f8744877000 JavaThread "ReaderThread" [_thread_in_native, id=41731, stack(0x00007000102da000,0x00007000103da000)]
  0x00007f8744841000 JavaThread "Service Thread" daemon [_thread_blocked, id=22531, stack(0x00007000100d4000,0x00007000101d4000)]
  0x00007f8742929000 JavaThread "C1 CompilerThread3" daemon [_thread_blocked, id=22019, stack(0x000070000ffd1000,0x00007000100d1000)]
  0x00007f8743816800 JavaThread "C2 CompilerThread2" daemon [_thread_blocked, id=43011, stack(0x000070000fece000,0x000070000ffce000)]
  0x00007f8745018800 JavaThread "C2 CompilerThread1" daemon [_thread_blocked, id=21763, stack(0x000070000fdcb000,0x000070000fecb000)]
  0x00007f8745017800 JavaThread "C2 CompilerThread0" daemon [_thread_blocked, id=13571, stack(0x000070000fcc8000,0x000070000fdc8000)]
  0x00007f8742806000 JavaThread "JDWP Command Reader" daemon [_thread_in_native, id=14083, stack(0x000070000fbc5000,0x000070000fcc5000)]
  0x00007f8744840800 JavaThread "JDWP Event Helper Thread" daemon [_thread_blocked, id=14595, stack(0x000070000fac2000,0x000070000fbc2000)]
  0x00007f8744834000 JavaThread "JDWP Transport Listener: dt_socket" daemon [_thread_blocked, id=14855, stack(0x000070000f9bf000,0x000070000fabf000)]
  0x00007f8745007000 JavaThread "Signal Dispatcher" daemon [_thread_blocked, id=15363, stack(0x000070000f8bc000,0x000070000f9bc000)]
  0x00007f8743804000 JavaThread "Finalizer" daemon [_thread_blocked, id=17411, stack(0x000070000f7b9000,0x000070000f8b9000)]
  0x00007f8743010000 JavaThread "Reference Handler" daemon [_thread_blocked, id=17923, stack(0x000070000f6b6000,0x000070000f7b6000)]
  0x00007f8744802000 JavaThread "main" [_thread_blocked, id=9987, stack(0x000070000ea92000,0x000070000eb92000)]

Other Threads:
=>0x00007f8745004800 VMThread [stack: 0x000070000f5b3000,0x000070000f6b3000] [id=11779]
  0x00007f8742941800 WatcherThread [stack: 0x00007000101d7000,0x00007000102d7000] [id=42243]

VM state:at safepoint (normal execution)

VM Mutex/Monitor currently owned by a thread:  ([mutex/lock_event])
[0x00007f8742604970] Threads_lock - owner thread: 0x00007f8745004800

heap address: 0x00000006c0000000, size: 4096 MB, Compressed Oops mode: Zero based, Oop shift amount: 3
Narrow klass base: 0x0000000000000000, Narrow klass shift: 3
Compressed class space size: 1073741824 Address: 0x00000007c0000000

Heap:
 PSYoungGen      total 76288K, used 71031K [0x000000076ab00000, 0x0000000770000000, 0x00000007c0000000)
  eden space 65536K, 97% used [0x000000076ab00000,0x000000076e985328,0x000000076eb00000)
  from space 10752K, 65% used [0x000000076f580000,0x000000076fc58cc8,0x0000000770000000)
  to   space 10752K, 0% used [0x000000076eb00000,0x000000076eb00000,0x000000076f580000)
 ParOldGen       total 175104K, used 24K [0x00000006c0000000, 0x00000006cab00000, 0x000000076ab00000)
  object space 175104K, 0% used [0x00000006c0000000,0x00000006c0006000,0x00000006cab00000)
 Metaspace       used 19467K, capacity 19626K, committed 19968K, reserved 1067008K
  class space    used 2420K, capacity 2485K, committed 2560K, reserved 1048576K

Card table byte_map: [0x000000011997a000,0x000000011a17b000] byte_map_base: 0x000000011637a000

Marking Bits: (ParMarkBitMap*) 0x0000000109efceb0
 Begin Bits: [0x000000011a6d1000, 0x000000011e6d1000)
 End Bits:   [0x000000011e6d1000, 0x00000001226d1000)

Polling page: 0x0000000107958000

CodeCache: size=245760Kb used=6854Kb max_used=6973Kb free=238905Kb
 bounds [0x000000010a5ba000, 0x000000010acaa000, 0x00000001195ba000]
 total_blobs=1842 nmethods=1470 adapters=293
 compilation: enabled

Compilation events (10 events):
Event: 1.544 Thread 0x00007f8742929000 nmethod 1468 0x000000010ac2a690 code [0x000000010ac2a7e0, 0x000000010ac2a8f0]
Event: 1.545 Thread 0x00007f8745017800 nmethod 1470 0x000000010ac2a290 code [0x000000010ac2a400, 0x000000010ac2a548]
Event: 1.545 Thread 0x00007f8745017800 1471       4       sun.reflect.generics.parser.SignatureParser::advance (37 bytes)
Event: 1.545 Thread 0x00007f8745017800 nmethod 1471 0x000000010abc4850 code [0x000000010abc49a0, 0x000000010abc49f8]
Event: 1.545 Thread 0x00007f8745017800 1138       4       java.util.zip.ZipCoder::getBytes (192 bytes)
Event: 1.550 Thread 0x00007f8745017800 nmethod 1138 0x000000010ac2ddd0 code [0x000000010ac2dfa0, 0x000000010ac2e710]
Event: 1.557 Thread 0x00007f8743816800 nmethod 1156 0x000000010ac3c8d0 code [0x000000010ac3cf00, 0x000000010ac45d28]
Event: 2.285 Thread 0x00007f8745018800 nmethod 1137 0x000000010ac6d8d0 code [0x000000010ac6e280, 0x000000010ac89220]
Event: 131.809 Thread 0x00007f8742929000 1472       1       java.util.Arrays$ArrayList::get (7 bytes)
Event: 131.809 Thread 0x00007f8742929000 nmethod 1472 0x000000010ac2da90 code [0x000000010ac2dbe0, 0x000000010ac2dd10]

GC Heap History (4 events):
Event: 0.764 GC heap before
{Heap before GC invocations=1 (full 0):
 PSYoungGen      total 76288K, used 65536K [0x000000076ab00000, 0x0000000770000000, 0x00000007c0000000)
  eden space 65536K, 100% used [0x000000076ab00000,0x000000076eb00000,0x000000076eb00000)
  from space 10752K, 0% used [0x000000076f580000,0x000000076f580000,0x0000000770000000)
  to   space 10752K, 0% used [0x000000076eb00000,0x000000076eb00000,0x000000076f580000)
 ParOldGen       total 175104K, used 0K [0x00000006c0000000, 0x00000006cab00000, 0x000000076ab00000)
  object space 175104K, 0% used [0x00000006c0000000,0x00000006c0000000,0x00000006cab00000)
 Metaspace       used 9543K, capacity 9630K, committed 9728K, reserved 1058816K
  class space    used 1240K, capacity 1267K, committed 1280K, reserved 1048576K
Event: 0.769 GC heap after
Heap after GC invocations=1 (full 0):
 PSYoungGen      total 76288K, used 5682K [0x000000076ab00000, 0x0000000770000000, 0x00000007c0000000)
  eden space 65536K, 0% used [0x000000076ab00000,0x000000076ab00000,0x000000076eb00000)
  from space 10752K, 52% used [0x000000076eb00000,0x000000076f08cb18,0x000000076f580000)
  to   space 10752K, 0% used [0x000000076f580000,0x000000076f580000,0x0000000770000000)
 ParOldGen       total 175104K, used 16K [0x00000006c0000000, 0x00000006cab00000, 0x000000076ab00000)
  object space 175104K, 0% used [0x00000006c0000000,0x00000006c0004000,0x00000006cab00000)
 Metaspace       used 9543K, capacity 9630K, committed 9728K, reserved 1058816K
  class space    used 1240K, capacity 1267K, committed 1280K, reserved 1048576K
}
Event: 1.106 GC heap before
{Heap before GC invocations=2 (full 0):
 PSYoungGen      total 76288K, used 71218K [0x000000076ab00000, 0x0000000770000000, 0x00000007c0000000)
  eden space 65536K, 100% used [0x000000076ab00000,0x000000076eb00000,0x000000076eb00000)
  from space 10752K, 52% used [0x000000076eb00000,0x000000076f08cb18,0x000000076f580000)
  to   space 10752K, 0% used [0x000000076f580000,0x000000076f580000,0x0000000770000000)
 ParOldGen       total 175104K, used 16K [0x00000006c0000000, 0x00000006cab00000, 0x000000076ab00000)
  object space 175104K, 0% used [0x00000006c0000000,0x00000006c0004000,0x00000006cab00000)
 Metaspace       used 13780K, capacity 13892K, committed 14080K, reserved 1060864K
  class space    used 1712K, capacity 1748K, committed 1792K, reserved 1048576K
Event: 1.111 GC heap after
Heap after GC invocations=2 (full 0):
 PSYoungGen      total 76288K, used 7011K [0x000000076ab00000, 0x0000000770000000, 0x00000007c0000000)
  eden space 65536K, 0% used [0x000000076ab00000,0x000000076ab00000,0x000000076eb00000)
  from space 10752K, 65% used [0x000000076f580000,0x000000076fc58cc8,0x0000000770000000)
  to   space 10752K, 0% used [0x000000076eb00000,0x000000076eb00000,0x000000076f580000)
 ParOldGen       total 175104K, used 24K [0x00000006c0000000, 0x00000006cab00000, 0x000000076ab00000)
  object space 175104K, 0% used [0x00000006c0000000,0x00000006c0006000,0x00000006cab00000)
 Metaspace       used 13780K, capacity 13892K, committed 14080K, reserved 1060864K
  class space    used 1712K, capacity 1748K, committed 1792K, reserved 1048576K
}

Deoptimization events (10 events):
Event: 1.134 Thread 0x00007f8744802000 Uncommon trap: reason=unstable_if action=reinterpret pc=0x000000010aa05328 method=org.eclipse.jdt.launching.internal.org.objectweb.asm.ClassReader.readMethod(Lorg/eclipse/jdt/launching/internal/org/objectweb/asm/ClassVisitor;Lorg/eclipse/jdt/launching/int
Event: 1.134 Thread 0x00007f8744802000 Uncommon trap: reason=unstable_if action=reinterpret pc=0x000000010aa52e04 method=org.eclipse.jdt.launching.internal.org.objectweb.asm.AnnotationWriter.computeAnnotationsSize(Lorg/eclipse/jdt/launching/internal/org/objectweb/asm/AnnotationWriter;Lorg/ecli
Event: 1.134 Thread 0x00007f8744802000 Uncommon trap: reason=unstable_if action=reinterpret pc=0x000000010a9ddb08 method=org.eclipse.jdt.launching.internal.org.objectweb.asm.AnnotationWriter.computeAnnotationsSize(Lorg/eclipse/jdt/launching/internal/org/objectweb/asm/AnnotationWriter;Lorg/ecli
Event: 1.134 Thread 0x00007f8744802000 Uncommon trap: reason=unstable_if action=reinterpret pc=0x000000010a9b2a44 method=org.eclipse.jdt.launching.internal.org.objectweb.asm.AnnotationWriter.putAnnotations(Lorg/eclipse/jdt/launching/internal/org/objectweb/asm/SymbolTable;Lorg/eclipse/jdt/launc
Event: 1.216 Thread 0x00007f8744802000 Uncommon trap: reason=unstable_if action=reinterpret pc=0x000000010aa76ca0 method=org.eclipse.jdt.launching.internal.org.objectweb.asm.MethodWriter.putMethodInfo(Lorg/eclipse/jdt/launching/internal/org/objectweb/asm/ByteVector;)V @ 324
Event: 1.221 Thread 0x00007f8744802000 Uncommon trap: reason=unstable_if action=reinterpret pc=0x000000010a9d8378 method=org.eclipse.jdt.launching.internal.org.objectweb.asm.Attribute.computeAttributesSize(Lorg/eclipse/jdt/launching/internal/org/objectweb/asm/SymbolTable;II)I @ 16
Event: 1.221 Thread 0x00007f8744802000 Uncommon trap: reason=unstable_if action=reinterpret pc=0x000000010a9e4478 method=org.eclipse.jdt.launching.internal.org.objectweb.asm.Attribute.putAttributes(Lorg/eclipse/jdt/launching/internal/org/objectweb/asm/SymbolTable;IILorg/eclipse/jdt/launching/i
Event: 1.287 Thread 0x00007f8744802000 Uncommon trap: reason=unstable_if action=reinterpret pc=0x000000010a89f4f0 method=org.eclipse.jdt.launching.internal.org.objectweb.asm.ByteVector.putUTF8(Ljava/lang/String;)Lorg/eclipse/jdt/launching/internal/org/objectweb/asm/ByteVector; @ 93
Event: 1.287 Thread 0x00007f8744802000 Uncommon trap: reason=unstable_if action=reinterpret pc=0x000000010a8cbb10 method=org.eclipse.jdt.launching.internal.org.objectweb.asm.ByteVector.encodeUtf8(Ljava/lang/String;II)Lorg/eclipse/jdt/launching/internal/org/objectweb/asm/ByteVector; @ 30
Event: 1.289 Thread 0x00007f8744802000 Uncommon trap: reason=unstable_if action=reinterpret pc=0x000000010a8f9344 method=org.eclipse.jdt.launching.internal.org.objectweb.asm.SymbolTable.addConstantUtf8Reference(ILjava/lang/String;)Lorg/eclipse/jdt/launching/internal/org/objectweb/asm/Symbol; @

Classes redefined (4 events):
Event: 115.135 Thread 0x00007f8745004800 redefined class name=com.comparator.StepDefs.StepDefCore, count=1
Event: 187.374 Thread 0x00007f8745004800 redefined class name=com.comparator.BusinessComponent.ReadExcelMultiple, count=1
Event: 197.410 Thread 0x00007f8745004800 redefined class name=com.comparator.BusinessComponent.ReadExcelMultiple, count=2
Event: 238.253 Thread 0x00007f8745004800 redefined class name=com.comparator.StepDefs.StepDefCore, count=2

Internal exceptions (10 events):
Event: 1.294 Thread 0x00007f8744802000 Exception <a 'java/security/PrivilegedActionException'> (0x000000076c9ce658) thrown at [/Users/java_re/workspace/8-2-build-macosx-x86_64/jdk8u231/13620/hotspot/src/share/vm/prims/jvm.cpp, line 1502]
Event: 1.294 Thread 0x00007f8744802000 Exception <a 'java/security/PrivilegedActionException'> (0x000000076c9cee20) thrown at [/Users/java_re/workspace/8-2-build-macosx-x86_64/jdk8u231/13620/hotspot/src/share/vm/prims/jvm.cpp, line 1502]
Event: 1.295 Thread 0x00007f8744802000 Exception <a 'java/security/PrivilegedActionException'> (0x000000076c9e94c0) thrown at [/Users/java_re/workspace/8-2-build-macosx-x86_64/jdk8u231/13620/hotspot/src/share/vm/prims/jvm.cpp, line 1502]
Event: 1.295 Thread 0x00007f8744802000 Exception <a 'java/security/PrivilegedActionException'> (0x000000076c9e9c88) thrown at [/Users/java_re/workspace/8-2-build-macosx-x86_64/jdk8u231/13620/hotspot/src/share/vm/prims/jvm.cpp, line 1502]
Event: 1.295 Thread 0x00007f8744802000 Exception <a 'java/security/PrivilegedActionException'> (0x000000076c9f46d8) thrown at [/Users/java_re/workspace/8-2-build-macosx-x86_64/jdk8u231/13620/hotspot/src/share/vm/prims/jvm.cpp, line 1502]
Event: 1.295 Thread 0x00007f8744802000 Exception <a 'java/security/PrivilegedActionException'> (0x000000076c9f4ea0) thrown at [/Users/java_re/workspace/8-2-build-macosx-x86_64/jdk8u231/13620/hotspot/src/share/vm/prims/jvm.cpp, line 1502]
Event: 1.296 Thread 0x00007f8744802000 Exception <a 'java/security/PrivilegedActionException'> (0x000000076c9ffce0) thrown at [/Users/java_re/workspace/8-2-build-macosx-x86_64/jdk8u231/13620/hotspot/src/share/vm/prims/jvm.cpp, line 1502]
Event: 1.296 Thread 0x00007f8744802000 Exception <a 'java/security/PrivilegedActionException'> (0x000000076ca004a8) thrown at [/Users/java_re/workspace/8-2-build-macosx-x86_64/jdk8u231/13620/hotspot/src/share/vm/prims/jvm.cpp, line 1502]
Event: 1.296 Thread 0x00007f8744802000 Exception <a 'java/security/PrivilegedActionException'> (0x000000076ca0b2c8) thrown at [/Users/java_re/workspace/8-2-build-macosx-x86_64/jdk8u231/13620/hotspot/src/share/vm/prims/jvm.cpp, line 1502]
Event: 1.296 Thread 0x00007f8744802000 Exception <a 'java/security/PrivilegedActionException'> (0x000000076ca0ba90) thrown at [/Users/java_re/workspace/8-2-build-macosx-x86_64/jdk8u231/13620/hotspot/src/share/vm/prims/jvm.cpp, line 1502]

Events (10 events):
Event: 238.268 Executing VM operation: ChangeBreakpoints done
Event: 238.268 Executing VM operation: ChangeBreakpoints
Event: 238.268 Executing VM operation: ChangeBreakpoints done
Event: 238.272 Executing VM operation: ChangeBreakpoints
Event: 238.272 Executing VM operation: ChangeBreakpoints done
Event: 238.333 Executing VM operation: GetOwnedMonitorInfo
Event: 238.333 Executing VM operation: GetOwnedMonitorInfo done
Event: 238.333 Executing VM operation: GetCurrentContendedMonitor
Event: 238.333 Executing VM operation: GetCurrentContendedMonitor done
Event: 238.335 Executing VM operation: GetOrSetLocal


Dynamic libraries:
0x00007fff3b441000 	/System/Library/Frameworks/Cocoa.framework/Versions/A/Cocoa
0x00007fff471e6000 	/System/Library/Frameworks/Security.framework/Versions/A/Security
0x00007fff3a0d4000 	/System/Library/Frameworks/ApplicationServices.framework/Versions/A/ApplicationServices
0x00007fff672d4000 	/usr/lib/libz.1.dylib
0x00007fff64c2e000 	/usr/lib/libSystem.B.dylib
0x00007fff66465000 	/usr/lib/libobjc.A.dylib
0x00007fff3bcb6000 	/System/Library/Frameworks/CoreFoundation.framework/Versions/A/CoreFoundation
0x00007fff3df39000 	/System/Library/Frameworks/Foundation.framework/Versions/C/Foundation
0x00000001078af000 	/Library/Application Support/Cylance/Desktop/CyMemDef.dylib
0x00007fff392cd000 	/System/Library/Frameworks/AppKit.framework/Versions/C/AppKit
0x00007fff3b83f000 	/System/Library/Frameworks/CoreData.framework/Versions/A/CoreData
0x00007fff5e6f4000 	/System/Library/PrivateFrameworks/RemoteViewServices.framework/Versions/A/RemoteViewServices
0x00007fff6296b000 	/System/Library/PrivateFrameworks/UIFoundation.framework/Versions/A/UIFoundation
0x00007fff6404f000 	/System/Library/PrivateFrameworks/XCTTargetBootstrap.framework/Versions/A/XCTTargetBootstrap
0x00007fff3bbc5000 	/System/Library/Frameworks/CoreDisplay.framework/Versions/A/CoreDisplay
0x00007fff5942e000 	/System/Library/PrivateFrameworks/IconServices.framework/Versions/A/IconServices
0x00007fff4085a000 	/System/Library/Frameworks/Metal.framework/Versions/A/Metal
0x00007fff50971000 	/System/Library/PrivateFrameworks/DesktopServicesPriv.framework/Versions/A/DesktopServicesPriv
0x00007fff657c8000 	/usr/lib/libenergytrace.dylib
0x00007fff60e52000 	/System/Library/PrivateFrameworks/SkyLight.framework/Versions/A/SkyLight
0x00007fff3c0fd000 	/System/Library/Frameworks/CoreGraphics.framework/Versions/A/CoreGraphics
0x00007fff38099000 	/System/Library/Frameworks/Accelerate.framework/Versions/A/Accelerate
0x00007fff3e682000 	/System/Library/Frameworks/IOSurface.framework/Versions/A/IOSurface
0x00007fff507dd000 	/System/Library/PrivateFrameworks/DFRFoundation.framework/Versions/A/DFRFoundation
0x00007fff3a5b7000 	/System/Library/Frameworks/AudioToolbox.framework/Versions/A/AudioToolbox
0x00007fff3a830000 	/System/Library/Frameworks/AudioUnit.framework/Versions/A/AudioUnit
0x00007fff50872000 	/System/Library/PrivateFrameworks/DataDetectorsCore.framework/Versions/A/DataDetectorsCore
0x00007fff3af44000 	/System/Library/Frameworks/Carbon.framework/Versions/A/Frameworks/HIToolbox.framework/Versions/A/HIToolbox
0x00007fff65921000 	/usr/lib/libicucore.A.dylib
0x00007fff46759000 	/System/Library/Frameworks/QuartzCore.framework/Versions/A/QuartzCore
0x00007fff3b319000 	/System/Library/Frameworks/Carbon.framework/Versions/A/Frameworks/SpeechRecognition.framework/Versions/A/SpeechRecognition
0x00007fff64d82000 	/usr/lib/libauto.dylib
0x00007fff671c8000 	/usr/lib/libxml2.2.dylib
0x00007fff503b8000 	/System/Library/PrivateFrameworks/CoreUI.framework/Versions/A/CoreUI
0x00007fff3b72a000 	/System/Library/Frameworks/CoreAudio.framework/Versions/A/CoreAudio
0x00007fff3dd6e000 	/System/Library/Frameworks/DiskArbitration.framework/Versions/A/DiskArbitration
0x00007fff65bcf000 	/usr/lib/liblangid.dylib
0x00007fff5a839000 	/System/Library/PrivateFrameworks/MultitouchSupport.framework/Versions/A/MultitouchSupport
0x00007fff3e5f1000 	/System/Library/Frameworks/IOKit.framework/Versions/A/IOKit
0x00007fff647ee000 	/usr/lib/libDiagnosticMessagesClient.dylib
0x00007fff3cf0c000 	/System/Library/Frameworks/CoreServices.framework/Versions/A/CoreServices
0x00007fff5c4f3000 	/System/Library/PrivateFrameworks/PerformanceAnalysis.framework/Versions/A/PerformanceAnalysis
0x00007fff45947000 	/System/Library/Frameworks/OpenGL.framework/Versions/A/OpenGL
0x00007fff3b44f000 	/System/Library/Frameworks/ColorSync.framework/Versions/A/ColorSync
0x00007fff3c78e000 	/System/Library/Frameworks/CoreImage.framework/Versions/A/CoreImage
0x00007fff3d8e4000 	/System/Library/Frameworks/CoreText.framework/Versions/A/CoreText
0x00007fff3e6e5000 	/System/Library/Frameworks/ImageIO.framework/Versions/A/ImageIO
0x00007fff4ca0a000 	/System/Library/PrivateFrameworks/Backup.framework/Versions/A/Backup
0x00007fff64cd5000 	/usr/lib/libarchive.2.dylib
0x00007fff3ab89000 	/System/Library/Frameworks/CFNetwork.framework/Versions/A/CFNetwork
0x00007fff47942000 	/System/Library/Frameworks/SystemConfiguration.framework/Versions/A/SystemConfiguration
0x00007fff6471f000 	/usr/lib/libCRFSuite.dylib
0x00007fff64e71000 	/usr/lib/libc++.1.dylib
0x00007fff64ec5000 	/usr/lib/libc++abi.dylib
0x00007fff67aca000 	/usr/lib/system/libcache.dylib
0x00007fff67acf000 	/usr/lib/system/libcommonCrypto.dylib
0x00007fff67ada000 	/usr/lib/system/libcompiler_rt.dylib
0x00007fff67ae2000 	/usr/lib/system/libcopyfile.dylib
0x00007fff67aec000 	/usr/lib/system/libcorecrypto.dylib
0x00007fff67bf7000 	/usr/lib/system/libdispatch.dylib
0x00007fff67c31000 	/usr/lib/system/libdyld.dylib
0x00007fff67c5e000 	/usr/lib/system/libkeymgr.dylib
0x00007fff67c6c000 	/usr/lib/system/liblaunch.dylib
0x00007fff67c6d000 	/usr/lib/system/libmacho.dylib
0x00007fff67c73000 	/usr/lib/system/libquarantine.dylib
0x00007fff67c76000 	/usr/lib/system/libremovefile.dylib
0x00007fff67c78000 	/usr/lib/system/libsystem_asl.dylib
0x00007fff67c90000 	/usr/lib/system/libsystem_blocks.dylib
0x00007fff67c91000 	/usr/lib/system/libsystem_c.dylib
0x00007fff67d19000 	/usr/lib/system/libsystem_configuration.dylib
0x00007fff67d1d000 	/usr/lib/system/libsystem_coreservices.dylib
0x00007fff67d21000 	/usr/lib/system/libsystem_darwin.dylib
0x00007fff67d28000 	/usr/lib/system/libsystem_dnssd.dylib
0x00007fff67d2f000 	/usr/lib/system/libsystem_info.dylib
0x00007fff67da4000 	/usr/lib/system/libsystem_m.dylib
0x00007fff67df0000 	/usr/lib/system/libsystem_malloc.dylib
0x00007fff67e1b000 	/usr/lib/system/libsystem_networkextension.dylib
0x00007fff67e26000 	/usr/lib/system/libsystem_notify.dylib
0x00007fff67e43000 	/usr/lib/system/libsystem_sandbox.dylib
0x00007fff67e47000 	/usr/lib/system/libsystem_secinit.dylib
0x00007fff67d7b000 	/usr/lib/system/libsystem_kernel.dylib
0x00007fff67e2e000 	/usr/lib/system/libsystem_platform.dylib
0x00007fff67e38000 	/usr/lib/system/libsystem_pthread.dylib
0x00007fff67e4a000 	/usr/lib/system/libsystem_symptoms.dylib
0x00007fff67e52000 	/usr/lib/system/libsystem_trace.dylib
0x00007fff67e69000 	/usr/lib/system/libunwind.dylib
0x00007fff67e6f000 	/usr/lib/system/libxpc.dylib
0x00007fff64e52000 	/usr/lib/libbsm.0.dylib
0x00007fff67c5f000 	/usr/lib/system/libkxld.dylib
0x00007fff4bdfb000 	/System/Library/PrivateFrameworks/AppleFSCompression.framework/Versions/A/AppleFSCompression
0x00007fff64aee000 	/usr/lib/libOpenScriptingUtil.dylib
0x00007fff6517a000 	/usr/lib/libcoretls.dylib
0x00007fff65191000 	/usr/lib/libcoretls_cfhelpers.dylib
0x00007fff66bfc000 	/usr/lib/libpam.2.dylib
0x00007fff66dbc000 	/usr/lib/libsqlite3.dylib
0x00007fff671b6000 	/usr/lib/libxar.1.dylib
0x00007fff64e63000 	/usr/lib/libbz2.1.0.dylib
0x00007fff65bd1000 	/usr/lib/liblzma.5.dylib
0x00007fff66082000 	/usr/lib/libnetwork.dylib
0x00007fff64cbe000 	/usr/lib/libapple_nghttp2.dylib
0x00007fff66c03000 	/usr/lib/libpcap.A.dylib
0x00007fff3d2ab000 	/System/Library/Frameworks/CoreServices.framework/Versions/A/Frameworks/FSEvents.framework/Versions/A/FSEvents
0x00007fff3cf8a000 	/System/Library/Frameworks/CoreServices.framework/Versions/A/Frameworks/CarbonCore.framework/Versions/A/CarbonCore
0x00007fff3d466000 	/System/Library/Frameworks/CoreServices.framework/Versions/A/Frameworks/Metadata.framework/Versions/A/Metadata
0x00007fff3d505000 	/System/Library/Frameworks/CoreServices.framework/Versions/A/Frameworks/OSServices.framework/Versions/A/OSServices
0x00007fff3d550000 	/System/Library/Frameworks/CoreServices.framework/Versions/A/Frameworks/SearchKit.framework/Versions/A/SearchKit
0x00007fff3cf0d000 	/System/Library/Frameworks/CoreServices.framework/Versions/A/Frameworks/AE.framework/Versions/A/AE
0x00007fff3d2b4000 	/System/Library/Frameworks/CoreServices.framework/Versions/A/Frameworks/LaunchServices.framework/Versions/A/LaunchServices
0x00007fff3d262000 	/System/Library/Frameworks/CoreServices.framework/Versions/A/Frameworks/DictionaryServices.framework/Versions/A/DictionaryServices
0x00007fff3d5b8000 	/System/Library/Frameworks/CoreServices.framework/Versions/A/Frameworks/SharedFileList.framework/Versions/A/SharedFileList
0x00007fff41922000 	/System/Library/Frameworks/NetFS.framework/Versions/A/NetFS
0x00007fff5aa9f000 	/System/Library/PrivateFrameworks/NetAuth.framework/Versions/A/NetAuth
0x00007fff64453000 	/System/Library/PrivateFrameworks/login.framework/Versions/A/Frameworks/loginsupport.framework/Versions/A/loginsupport
0x00007fff62574000 	/System/Library/PrivateFrameworks/TCC.framework/Versions/A/TCC
0x00007fff4fa15000 	/System/Library/PrivateFrameworks/CoreNLP.framework/Versions/A/CoreNLP
0x00007fff5a534000 	/System/Library/PrivateFrameworks/MetadataUtilities.framework/Versions/A/MetadataUtilities
0x00007fff65ca6000 	/usr/lib/libmecabra.dylib
0x00007fff3a0d5000 	/System/Library/Frameworks/ApplicationServices.framework/Versions/A/Frameworks/ATS.framework/Versions/A/ATS
0x00007fff3a424000 	/System/Library/Frameworks/ApplicationServices.framework/Versions/A/Frameworks/ColorSyncLegacy.framework/Versions/A/ColorSyncLegacy
0x00007fff3a4c3000 	/System/Library/Frameworks/ApplicationServices.framework/Versions/A/Frameworks/HIServices.framework/Versions/A/HIServices
0x00007fff3a516000 	/System/Library/Frameworks/ApplicationServices.framework/Versions/A/Frameworks/LangAnalysis.framework/Versions/A/LangAnalysis
0x00007fff3a526000 	/System/Library/Frameworks/ApplicationServices.framework/Versions/A/Frameworks/PrintCore.framework/Versions/A/PrintCore
0x00007fff3a570000 	/System/Library/Frameworks/ApplicationServices.framework/Versions/A/Frameworks/QD.framework/Versions/A/QD
0x00007fff3a5aa000 	/System/Library/Frameworks/ApplicationServices.framework/Versions/A/Frameworks/SpeechSynthesis.framework/Versions/A/SpeechSynthesis
0x00007fff64eed000 	/usr/lib/libcompression.dylib
0x00007fff40b2a000 	/System/Library/Frameworks/MetalPerformanceShaders.framework/Versions/A/MetalPerformanceShaders
0x00007fff380b1000 	/System/Library/Frameworks/Accelerate.framework/Versions/A/Frameworks/vImage.framework/Versions/A/vImage
0x00007fff3912b000 	/System/Library/Frameworks/Accelerate.framework/Versions/A/Frameworks/vecLib.framework/Versions/A/vecLib
0x00007fff39077000 	/System/Library/Frameworks/Accelerate.framework/Versions/A/Frameworks/vecLib.framework/Versions/A/libvMisc.dylib
0x00007fff38e8f000 	/System/Library/Frameworks/Accelerate.framework/Versions/A/Frameworks/vecLib.framework/Versions/A/libvDSP.dylib
0x00007fff3874b000 	/System/Library/Frameworks/Accelerate.framework/Versions/A/Frameworks/vecLib.framework/Versions/A/libBLAS.dylib
0x00007fff38a38000 	/System/Library/Frameworks/Accelerate.framework/Versions/A/Frameworks/vecLib.framework/Versions/A/libLAPACK.dylib
0x00007fff38de2000 	/System/Library/Frameworks/Accelerate.framework/Versions/A/Frameworks/vecLib.framework/Versions/A/libLinearAlgebra.dylib
0x00007fff38e7b000 	/System/Library/Frameworks/Accelerate.framework/Versions/A/Frameworks/vecLib.framework/Versions/A/libSparseBLAS.dylib
0x00007fff38df8000 	/System/Library/Frameworks/Accelerate.framework/Versions/A/Frameworks/vecLib.framework/Versions/A/libQuadrature.dylib
0x00007fff389c5000 	/System/Library/Frameworks/Accelerate.framework/Versions/A/Frameworks/vecLib.framework/Versions/A/libBNNS.dylib
0x00007fff38dfe000 	/System/Library/Frameworks/Accelerate.framework/Versions/A/Frameworks/vecLib.framework/Versions/A/libSparse.dylib
0x00007fff56d63000 	/System/Library/PrivateFrameworks/GPUWrangler.framework/Versions/A/GPUWrangler
0x00007fff59063000 	/System/Library/PrivateFrameworks/IOAccelerator.framework/Versions/A/IOAccelerator
0x00007fff5906e000 	/System/Library/PrivateFrameworks/IOPresentment.framework/Versions/A/IOPresentment
0x00007fff507ed000 	/System/Library/PrivateFrameworks/DSExternalDisplay.framework/Versions/A/DSExternalDisplay
0x00007fff44d9e000 	/System/Library/Frameworks/OpenGL.framework/Versions/A/Libraries/libCoreFSCache.dylib
0x00007fff4091e000 	/System/Library/Frameworks/MetalPerformanceShaders.framework/Frameworks/MPSCore.framework/Versions/A/MPSCore
0x00007fff4093e000 	/System/Library/Frameworks/MetalPerformanceShaders.framework/Frameworks/MPSImage.framework/Versions/A/MPSImage
0x00007fff409e3000 	/System/Library/Frameworks/MetalPerformanceShaders.framework/Frameworks/MPSNeuralNetwork.framework/Versions/A/MPSNeuralNetwork
0x00007fff409bb000 	/System/Library/Frameworks/MetalPerformanceShaders.framework/Frameworks/MPSMatrix.framework/Versions/A/MPSMatrix
0x00007fff40b0f000 	/System/Library/Frameworks/MetalPerformanceShaders.framework/Frameworks/MPSRayIntersector.framework/Versions/A/MPSRayIntersector
0x00007fff5a55d000 	/System/Library/PrivateFrameworks/MetalTools.framework/Versions/A/MetalTools
0x00007fff4b6a5000 	/System/Library/PrivateFrameworks/AggregateDictionary.framework/Versions/A/AggregateDictionary
0x00007fff64ace000 	/usr/lib/libMobileGestalt.dylib
0x00007fff3da47000 	/System/Library/Frameworks/CoreVideo.framework/Versions/A/CoreVideo
0x00007fff57b74000 	/System/Library/PrivateFrameworks/GraphVisualizer.framework/Versions/A/GraphVisualizer
0x00007fff519f3000 	/System/Library/PrivateFrameworks/FaceCore.framework/Versions/A/FaceCore
0x00007fff443cc000 	/System/Library/Frameworks/OpenCL.framework/Versions/A/OpenCL
0x00007fff64826000 	/usr/lib/libFosl_dynamic.dylib
0x00007fff5b30a000 	/System/Library/PrivateFrameworks/OTSVG.framework/Versions/A/OTSVG
0x00007fff3a1d9000 	/System/Library/Frameworks/ApplicationServices.framework/Versions/A/Frameworks/ATS.framework/Versions/A/Resources/libFontParser.dylib
0x00007fff3a2f1000 	/System/Library/Frameworks/ApplicationServices.framework/Versions/A/Frameworks/ATS.framework/Versions/A/Resources/libFontRegistry.dylib
0x00007fff3e953000 	/System/Library/Frameworks/ImageIO.framework/Versions/A/Resources/libJPEG.dylib
0x00007fff3ec65000 	/System/Library/Frameworks/ImageIO.framework/Versions/A/Resources/libTIFF.dylib
0x00007fff3ec3b000 	/System/Library/Frameworks/ImageIO.framework/Versions/A/Resources/libPng.dylib
0x00007fff3e871000 	/System/Library/Frameworks/ImageIO.framework/Versions/A/Resources/libGIF.dylib
0x00007fff3e876000 	/System/Library/Frameworks/ImageIO.framework/Versions/A/Resources/libJP2.dylib
0x00007fff3ec62000 	/System/Library/Frameworks/ImageIO.framework/Versions/A/Resources/libRadiance.dylib
0x00007fff4bf52000 	/System/Library/PrivateFrameworks/AppleJPEG.framework/Versions/A/AppleJPEG
0x00007fff44da9000 	/System/Library/Frameworks/OpenGL.framework/Versions/A/Libraries/libGFXShared.dylib
0x00007fff44f6c000 	/System/Library/Frameworks/OpenGL.framework/Versions/A/Libraries/libGLU.dylib
0x00007fff44db2000 	/System/Library/Frameworks/OpenGL.framework/Versions/A/Libraries/libGL.dylib
0x00007fff44dbe000 	/System/Library/Frameworks/OpenGL.framework/Versions/A/Libraries/libGLImage.dylib
0x00007fff44d9b000 	/System/Library/Frameworks/OpenGL.framework/Versions/A/Libraries/libCVMSPluginSupport.dylib
0x00007fff44da4000 	/System/Library/Frameworks/OpenGL.framework/Versions/A/Libraries/libCoreVMClient.dylib
0x00007fff6563e000 	/usr/lib/libcups.2.dylib
0x00007fff3fe25000 	/System/Library/Frameworks/Kerberos.framework/Versions/A/Kerberos
0x00007fff3e355000 	/System/Library/Frameworks/GSS.framework/Versions/A/GSS
0x00007fff66d51000 	/usr/lib/libresolv.9.dylib
0x00007fff65830000 	/usr/lib/libiconv.2.dylib
0x00007fff57ce9000 	/System/Library/PrivateFrameworks/Heimdal.framework/Versions/A/Heimdal
0x00007fff65800000 	/usr/lib/libheimdal-asn1.dylib
0x00007fff44440000 	/System/Library/Frameworks/OpenDirectory.framework/Versions/A/OpenDirectory
0x00007fff4e778000 	/System/Library/PrivateFrameworks/CommonAuth.framework/Versions/A/CommonAuth
0x00007fff44424000 	/System/Library/Frameworks/OpenDirectory.framework/Versions/A/Frameworks/CFOpenDirectory.framework/Versions/A/CFOpenDirectory
0x00007fff474e7000 	/System/Library/Frameworks/SecurityFoundation.framework/Versions/A/SecurityFoundation
0x00007fff4abeb000 	/System/Library/PrivateFrameworks/APFS.framework/Versions/A/APFS
0x00007fff671b2000 	/usr/lib/libutil.dylib
0x00007fff64edb000 	/usr/lib/libcharset.1.dylib
0x00007fff4c1ef000 	/System/Library/PrivateFrameworks/AppleSauce.framework/Versions/A/AppleSauce
0x00007fff4c370000 	/System/Library/PrivateFrameworks/AssertionServices.framework/Versions/A/AssertionServices
0x00007fff4caa0000 	/System/Library/PrivateFrameworks/BaseBoard.framework/Versions/A/BaseBoard
0x00007fff65c01000 	/usr/lib/libmecab.1.0.0.dylib
0x00007fff657fa000 	/usr/lib/libgermantok.dylib
0x00007fff64cab000 	/usr/lib/libThaiTokenizer.dylib
0x00007fff64756000 	/usr/lib/libChineseTokenizer.dylib
0x00007fff5971b000 	/System/Library/PrivateFrameworks/LanguageModeling.framework/Versions/A/LanguageModeling
0x00007fff4f45a000 	/System/Library/PrivateFrameworks/CoreEmoji.framework/Versions/A/CoreEmoji
0x00007fff597f7000 	/System/Library/PrivateFrameworks/Lexicon.framework/Versions/A/Lexicon
0x00007fff5983a000 	/System/Library/PrivateFrameworks/LinguisticData.framework/Versions/A/LinguisticData
0x00007fff64edc000 	/usr/lib/libcmph.dylib
0x00007fff475a5000 	/System/Library/Frameworks/ServiceManagement.framework/Versions/A/ServiceManagement
0x00007fff4ca01000 	/System/Library/PrivateFrameworks/BackgroundTaskManagement.framework/Versions/A/BackgroundTaskManagement
0x00007fff672ab000 	/usr/lib/libxslt.1.dylib
0x00007fff3b246000 	/System/Library/Frameworks/Carbon.framework/Versions/A/Frameworks/Ink.framework/Versions/A/Ink
0x00007fff627e6000 	/System/Library/PrivateFrameworks/TextureIO.framework/Versions/A/TextureIO
0x00007fff64cff000 	/usr/lib/libate.dylib
0x00007fff5073c000 	/System/Library/PrivateFrameworks/CrashReporterSupport.framework/Versions/A/CrashReporterSupport
0x00007fff5ff20000 	/System/Library/PrivateFrameworks/Sharing.framework/Versions/A/Sharing
0x00007fff4c753000 	/System/Library/PrivateFrameworks/AuthKit.framework/Versions/A/AuthKit
0x00007fff4bca7000 	/System/Library/PrivateFrameworks/Apple80211.framework/Versions/A/Apple80211
0x00007fff504e4000 	/System/Library/PrivateFrameworks/CoreUtils.framework/Versions/A/CoreUtils
0x00007fff3da88000 	/System/Library/Frameworks/CoreWLAN.framework/Versions/A/CoreWLAN
0x00007fff3e484000 	/System/Library/Frameworks/IOBluetooth.framework/Versions/A/IOBluetooth
0x00007fff5e394000 	/System/Library/PrivateFrameworks/ProtocolBuffer.framework/Versions/A/ProtocolBuffer
0x00007fff5a795000 	/System/Library/PrivateFrameworks/MobileKeyBag.framework/Versions/A/MobileKeyBag
0x00007fff4fd28000 	/System/Library/PrivateFrameworks/CorePhoneNumbers.framework/Versions/A/CorePhoneNumbers
0x00007fff4bf06000 	/System/Library/PrivateFrameworks/AppleIDAuthSupport.framework/Versions/A/AppleIDAuthSupport
0x00007fff596ee000 	/System/Library/PrivateFrameworks/KeychainCircle.framework/Versions/A/KeychainCircle
0x00007fff5e54a000 	/System/Library/PrivateFrameworks/ROCKit.framework/Versions/A/ROCKit
0x00007fff506d8000 	/System/Library/PrivateFrameworks/CoreWiFi.framework/Versions/A/CoreWiFi
0x00007fff3b814000 	/System/Library/Frameworks/CoreBluetooth.framework/Versions/A/CoreBluetooth
0x00007fff50933000 	/System/Library/PrivateFrameworks/DebugSymbols.framework/Versions/A/DebugSymbols
0x00007fff502a4000 	/System/Library/PrivateFrameworks/CoreSymbolication.framework/Versions/A/CoreSymbolication
0x00007fff62001000 	/System/Library/PrivateFrameworks/Symbolication.framework/Versions/A/Symbolication
0x00007fff618a4000 	/System/Library/PrivateFrameworks/SpeechRecognitionCore.framework/Versions/A/SpeechRecognitionCore
0x0000000109600000 	/Library/Java/JavaVirtualMachines/jdk1.8.0_231.jdk/Contents/Home/jre/lib/server/libjvm.dylib
0x00007fff6708d000 	/usr/lib/libstdc++.6.dylib
0x0000000107914000 	/Library/Java/JavaVirtualMachines/jdk1.8.0_231.jdk/Contents/Home/jre/lib/libverify.dylib
0x0000000107922000 	/Library/Java/JavaVirtualMachines/jdk1.8.0_231.jdk/Contents/Home/jre/lib/libjava.dylib
0x0000000107959000 	/Library/Java/JavaVirtualMachines/jdk1.8.0_231.jdk/Contents/Home/jre/lib/libjdwp.dylib
0x00000001079a4000 	/Library/Java/JavaVirtualMachines/jdk1.8.0_231.jdk/Contents/Home/jre/lib/libnpt.dylib
0x00000001079a8000 	/Library/Java/JavaVirtualMachines/jdk1.8.0_231.jdk/Contents/Home/jre/lib/libinstrument.dylib
0x0000000107a45000 	/Library/Java/JavaVirtualMachines/jdk1.8.0_231.jdk/Contents/Home/jre/lib/libzip.dylib
0x00000001259ee000 	/Library/Java/JavaVirtualMachines/jdk1.8.0_231.jdk/Contents/Home/jre/lib/libdt_socket.dylib
0x0000000125d63000 	/Library/Java/JavaVirtualMachines/jdk1.8.0_231.jdk/Contents/Home/jre/lib/libnet.dylib

VM Arguments:
jvm_args: -agentlib:jdwp=transport=dt_socket,suspend=y,address=localhost:58931 -ea -javaagent:/Users/sameerrawat/eclipse/jee-2019-092/Eclipse.app/Contents/Eclipse/configuration/org.eclipse.osgi/404/0/.cp/lib/javaagent-shaded.jar -Dfile.encoding=UTF-8 
java_command: org.eclipse.jdt.internal.junit.runner.RemoteTestRunner -version 3 -port 58930 -testLoaderClass org.eclipse.jdt.internal.junit4.runner.JUnit4TestLoader -loaderpluginname org.eclipse.jdt.junit4.runtime -classNames com.comparator.AppTestRunner.AppTestRunner
java_class_path (initial): /Users/sameerrawat/eclipse-workspace/comparatorLibrary/target/test-classes:/Users/sameerrawat/eclipse-workspace/comparatorLibrary/target/classes:/Users/sameerrawat/.p2/pool/plugins/org.junit_4.12.0.v201504281640/junit.jar:/Users/sameerrawat/.p2/pool/plugins/org.hamcrest.core_1.3.0.v20180420-1519.jar:/Users/sameerrawat/.m2/repository/org/apache/logging/log4j/log4j-core/2.10.0/log4j-core-2.10.0.jar:/Users/sameerrawat/.m2/repository/org/apache/logging/log4j/log4j-api/2.10.0/log4j-api-2.10.0.jar:/Users/sameerrawat/.m2/repository/io/rest-assured/rest-assured/3.0.3/rest-assured-3.0.3.jar:/Users/sameerrawat/.m2/repository/org/codehaus/groovy/groovy/2.4.9/groovy-2.4.9.jar:/Users/sameerrawat/.m2/repository/org/codehaus/groovy/groovy-xml/2.4.9/groovy-xml-2.4.9.jar:/Users/sameerrawat/.m2/repository/org/apache/httpcomponents/httpclient/4.5.2/httpclient-4.5.2.jar:/Users/sameerrawat/.m2/repository/org/apache/httpcomponents/httpcore/4.4.4/httpcore-4.4.4.jar:/Users/sameerrawat/.m2/repository/commons-logging/commons-logging/1.2/commons-logging-1.2.jar:/Users/sameerrawat/.m2/repository/org/apache/httpcomponents/httpmime/4.5.1/httpmime-4.5.1.jar:/Users/sameerrawat/.m2/repository/org/hamcrest/hamcrest-core/1.3/hamcrest-core-1.3.jar:/Users/sameerrawat/.m2/repository/org/hamcrest/hamcrest-library/1.3/hamcrest-library-1.3.jar:/Users/sameerrawat/.m2/repository/org/ccil/cowan/tagsoup/tagsoup/1.2.1/tagsoup-1.2.1.jar:/Users/sameerrawat/.m2/repository/io/rest-assured/json-path/3.0.3/json-path-3.0.3.jar:/Users/sameerrawat/.m2/repository/org/codehaus/groovy/groovy-json/2.4.9/groovy-json-2.4.9.jar:/Users/sameerrawat/.m2/repository/io/rest-assured/rest-assured-common/3.0.3/rest-assured-common-3.0.3.jar:/Users/sameerrawat/.m2/repository/io/rest-assured/xml-path/3.0.3/xml-path-3.0.3.jar:/Users/sameerrawat/.m2/repository/org/apache/commons/commons-lang3/3.4/commons-lang3-3.4.jar:/Users/sameerrawat/.m2/repository/info/cukes/cucumber-java/1.2.5/cucumber-java-1.2.5.jar:/User
Launcher Type: SUN_STANDARD

Environment Variables:
PATH=/usr/bin:/bin:/usr/sbin:/sbin
SHELL=/bin/sh

Signal Handlers:
SIGSEGV: [libjvm.dylib+0x5b7e2b], sa_mask[0]=11111111011111110111111111111111, sa_flags=SA_ONSTACK|SA_RESTART|SA_SIGINFO
SIGBUS: [libjvm.dylib+0x5b7e2b], sa_mask[0]=11111111011111110111111111111111, sa_flags=SA_RESTART|SA_SIGINFO
SIGFPE: [libjvm.dylib+0x48c6ec], sa_mask[0]=11111111011111110111111111111111, sa_flags=SA_RESTART|SA_SIGINFO
SIGPIPE: [libjvm.dylib+0x48c6ec], sa_mask[0]=11111111011111110111111111111111, sa_flags=SA_RESTART|SA_SIGINFO
SIGXFSZ: [libjvm.dylib+0x48c6ec], sa_mask[0]=11111111011111110111111111111111, sa_flags=SA_RESTART|SA_SIGINFO
SIGILL: [libjvm.dylib+0x48c6ec], sa_mask[0]=11111111011111110111111111111111, sa_flags=SA_RESTART|SA_SIGINFO
SIGUSR1: SIG_DFL, sa_mask[0]=00000000000000000000000000000000, sa_flags=none
SIGUSR2: [libjvm.dylib+0x48c20a], sa_mask[0]=00100000000000000000000000000000, sa_flags=SA_RESTART|SA_SIGINFO
SIGHUP: [libjvm.dylib+0x48a795], sa_mask[0]=11111111011111110111111111111111, sa_flags=SA_RESTART|SA_SIGINFO
SIGINT: [libjvm.dylib+0x48a795], sa_mask[0]=11111111011111110111111111111111, sa_flags=SA_RESTART|SA_SIGINFO
SIGTERM: [libjvm.dylib+0x48a795], sa_mask[0]=11111111011111110111111111111111, sa_flags=SA_RESTART|SA_SIGINFO
SIGQUIT: [libjvm.dylib+0x48a795], sa_mask[0]=11111111011111110111111111111111, sa_flags=SA_RESTART|SA_SIGINFO


---------------  S Y S T E M  ---------------

OS:Bsduname:Darwin 18.7.0 Darwin Kernel Version 18.7.0: Tue Aug 20 16:57:14 PDT 2019; root:xnu-4903.271.2~2/RELEASE_X86_64 x86_64
rlimit: STACK 8192k, CORE 0k, NPROC 1418, NOFILE 10240, AS infinity
load average:2.27 1.96 1.71

CPU:total 12 (initial active 12) (6 cores per cpu, 2 threads per core) family 6 model 158 stepping 10, cmov, cx8, fxsr, mmx, sse, sse2, sse3, ssse3, sse4.1, sse4.2, popcnt, avx, avx2, aes, clmul, erms, 3dnowpref, lzcnt, ht, tsc, tscinvbit, bmi1, bmi2, adx

Memory: 4k page, physical 16777216k(2797100k free)

/proc/meminfo:


vm_info: Java HotSpot(TM) 64-Bit Server VM (25.231-b11) for bsd-amd64 JRE (1.8.0_231-b11), built on Oct  5 2019 03:15:25 by "java_re" with gcc 4.2.1 (Based on Apple Inc. build 5658) (LLVM build 2336.11.00)

time: Sun Jan  5 16:30:29 2020
timezone: IST
elapsed time: 238 seconds (0d 0h 3m 58s)

